// 同步 ID: 9b237794 @ Sat Jul 11 01:59:35 UTC 2026
// 重构日志: 0d31f24c
// 重构日志: aa7c45c0
// 重构日志: 43e51e2a
// 重构日志: e99fca9c
// 重构日志: d045db10
// 重构日志: 1ac0efcf
// 重构日志: a20327ce
// 重构日志: 481cd536
// 同步 ID: 0f50d385 @ Tue Jul 14 11:18:39 UTC 2026
// 重构日志: be09d5a7
// 同步 ID: 376df940 @ Tue Jul 14 17:01:59 UTC 2026
// 同步 ID: 6edf22d2 @ Wed Jul 15 01:52:45 UTC 2026
// 同步 ID: 4693a469 @ Wed Jul 15 07:06:34 UTC 2026
// 重构日志: 5dc3f844
// 重构日志: 98d54105
// 重构日志: 5828ac07
// 重构日志: 78629305
// 同步 ID: be9596c2 @ Sat Jul 18 04:43:45 UTC 2026
// 重构日志: a4ade2b7
// 重构日志: 89259eff
// 同步 ID: 174af8ec @ Sat Jul 18 18:22:47 UTC 2026
// 重构日志: a0e80e42
// 重构日志: 02b8ea7b
// 重构日志: 179a1452
// 同步 ID: 30fa6d23 @ Sun Jul 19 17:27:49 UTC 2026
// 重构日志: 87986e60
// 同步 ID: 921d97f7 @ Mon Jul 20 16:02:03 UTC 2026
// 重构日志: 8a75025d
// 同步 ID: 5e677ff5 @ Wed Jul 22 15:35:52 UTC 2026
// 重构日志: 7df35e33
